--- Copying files at Thu Feb 16 13:26:32 UTC 2023
--- Copying files at Thu Feb 16 14:43:02 UTC 2023
--- Copying files at Thu Feb 16 18:43:45 UTC 2023
--- Copying files at Thu Feb 16 20:06:50 UTC 2023
--- Copying files at Thu Feb 16 20:12:54 UTC 2023
--- Copying files at Thu Feb 16 20:17:56 UTC 2023
--- Copying files at Thu Feb 16 20:23:02 UTC 2023
--- Copying files at Sat Feb 18 18:50:57 UTC 2023
--- Copying files at Sat Feb 18 18:52:38 UTC 2023
--- Copying files at Sat Feb 18 19:06:39 UTC 2023
--- Copying files at Mon Feb 20 15:12:50 UTC 2023
--- Copying files at Mon Feb 20 15:27:42 UTC 2023
--- Copying files at Mon Feb 20 15:59:41 UTC 2023
--- Copying files at Tue Feb 21 04:13:45 UTC 2023
--- Copying files at Tue Feb 21 09:34:06 UTC 2023
--- Copying files at Tue Feb 21 12:50:46 UTC 2023
--- Copying files at Tue Feb 21 14:41:04 UTC 2023
--- Copying files at Tue Feb 21 14:46:25 UTC 2023
--- Copying files at Tue Feb 21 15:02:49 UTC 2023
--- Copying files at Tue Feb 21 15:19:38 UTC 2023
--- Copying files at Tue Feb 21 16:53:17 UTC 2023
--- Copying files at Tue Feb 21 17:21:13 UTC 2023
--- Copying files at Wed Feb 22 03:06:11 UTC 2023
--- Copying files at Wed Feb 22 04:35:01 UTC 2023
--- Copying files at Wed Feb 22 05:11:17 UTC 2023
--- Copying files at Wed Feb 22 16:49:23 UTC 2023
--- Copying files at Wed Feb 22 19:37:14 UTC 2023
--- Copying files at Thu Feb 23 03:15:24 UTC 2023
--- Copying files at Thu Feb 23 09:17:29 UTC 2023
--- Copying files at Thu Feb 23 09:59:06 UTC 2023
--- Copying files at Thu Feb 23 16:56:54 UTC 2023
--- Copying files at Thu Feb 23 23:09:06 UTC 2023
--- Copying files at Fri Feb 24 01:45:42 UTC 2023
--- Copying files at Sat Feb 25 15:25:08 UTC 2023
--- Copying files at Sat Feb 25 15:39:10 UTC 2023
--- Copying files at Sun Feb 26 07:34:52 UTC 2023
--- Copying files at Sun Mar  5 05:25:46 UTC 2023
--- Copying files at Sun Apr  2 20:51:14 UTC 2023
--- Copying files at Mon Apr  3 18:23:19 UTC 2023
--- Copying files at Tue May 16 02:06:26 UTC 2023
--- Copying files at Tue May 16 02:24:16 UTC 2023
--- Copying files at Wed Jul  5 02:32:56 UTC 2023
--- Copying files at Wed Jul  5 02:34:20 UTC 2023
--- Copying files at Wed Jul  5 02:53:20 UTC 2023
--- Copying files at Sun Jul  9 03:13:39 UTC 2023
--- Copying files at Sun Jul  9 03:15:21 UTC 2023
--- Copying files at Sun Jul  9 03:47:03 UTC 2023
--- Copying files at Sun Jul  9 04:16:15 UTC 2023
--- Copying files at Sun Jul  9 04:29:50 UTC 2023
--- Copying files at Sun Jul  9 04:33:28 UTC 2023
--- Copying files at Sun Jul  9 06:14:49 UTC 2023
--- Copying files at Sun Jul  9 13:13:38 UTC 2023
--- Copying files at Sun Jul  9 13:21:53 UTC 2023
--- Copying files at Mon Jul 10 01:30:28 UTC 2023
--- Copying files at Mon Jul 10 02:03:06 UTC 2023
--- Copying files at Mon Jul 10 03:02:06 UTC 2023
--- Copying files at Mon Jul 10 14:45:41 UTC 2023
--- Copying files at Tue Jul 11 00:22:54 UTC 2023
--- Copying files at Sun Jul 16 03:01:55 UTC 2023
--- Copying files at Mon Jul 17 00:24:42 UTC 2023
--- Copying files at Mon Jul 17 03:37:38 UTC 2023
--- Copying files at Thu Jul 20 03:58:25 UTC 2023
--- Copying files at Fri Jul 21 00:52:46 UTC 2023
--- Copying files at Sat Jul 22 04:11:31 UTC 2023
--- Copying files at Tue Jul 25 02:58:24 UTC 2023
