Started at Tue Jul 25 03:52:08 UTC 2023
Processing ansible-test
Offering ansible-test to Project Build Discarder
Processing backup-to-aws
Offering backup-to-aws to Project Build Discarder
Processing ENV
Offering ENV to Project Build Discarder
Processing job-dsl
Offering job-dsl to Project Build Discarder
Processing job_dsl_created
Offering job_dsl_created to Project Build Discarder
Processing job_dsl_example
Offering job_dsl_example to Project Build Discarder
Processing maven-job
Offering maven-job to Project Build Discarder
Processing maven_dsl
Offering maven_dsl to Project Build Discarder
Processing my-first-job
Offering my-first-job to Project Build Discarder
Processing pipeline
Offering pipeline to Project Build Discarder
Processing remote-task
Offering remote-task to Project Build Discarder
Finished at Tue Jul 25 03:52:08 UTC 2023. 398ms
Started at Tue Jul 25 07:18:12 UTC 2023
Processing ansible-test
Offering ansible-test to Project Build Discarder
Processing backup-to-aws
Offering backup-to-aws to Project Build Discarder
Processing ENV
Offering ENV to Project Build Discarder
Processing job-dsl
Offering job-dsl to Project Build Discarder
Processing job_dsl_created
Offering job_dsl_created to Project Build Discarder
Processing job_dsl_example
Offering job_dsl_example to Project Build Discarder
Processing maven-job
Offering maven-job to Project Build Discarder
Processing maven_dsl
Offering maven_dsl to Project Build Discarder
Processing my-first-job
Offering my-first-job to Project Build Discarder
Processing pipeline
Offering pipeline to Project Build Discarder
Processing remote-task
Offering remote-task to Project Build Discarder
Finished at Tue Jul 25 07:18:12 UTC 2023. 267ms
